BLEU SCORE EMEA DE-EN WITHOUT FINETUNE:
44.6248
BLEU SCORE JRC DE-EN WITHOUT FINETUNE:
45.7588
BLEU SCORE GNOME DE-EN WITHOUT FINETUNE:
39.2716

BLEU SCORE EMEA DE-EN:
44.6248
BLEU SCORE JRC DE-EN:
45.7588
BLEU SCORE GNOME DE-EN:
39.2716

BLEU SCORE EMEA ANON-DE-EN:
45.1414
BLEU SCORE JRC ANON-DE-EN:
42.1082
BLEU SCORE GNOME ANON-DE-EN:
39.1811

BLEU SCORE EMEA EN-DE WITHOUT FINETUNE:
36.3224
BLEU SCORE JRC EN-DE WITHOUT FINETUNE:
42.5563
BLEU SCORE GNOME EN-DE WITHOUT FINETUNE:
35.4245

BLEU SCORE EMEA EN-DE:
36.3224
BLEU SCORE JRC EN-DE:
42.5563
BLEU SCORE GNOME EN-DE:
35.4245

BLEU SCORE EMEA ANON-EN-DE:
36.5725
BLEU SCORE JRC ANON-EN-DE:
41.4508
BLEU SCORE GNOME ANON-EN-DE:
35.8026

